<?xml version="1.0" encoding="UTF-8"?>
<!-- Generated by org.testng.reporters.JUnitXMLReporter -->
<testsuite ignored="0" hostname="KEN" failures="0" tests="3" name="Test" time="25.055" errors="0" timestamp="2022-07-31T17:55:14 IST">
  <testcase classname="Acadamy.E2EProject.ValidateLinks" name="HomepageLinks" time="0.07"/>
  <testcase classname="Acadamy.E2EProject.HomePage" name="basePageNavigation" time="12.695"/>
  <testcase classname="Acadamy.E2EProject.HomePage" name="basePageNavigation" time="8.186"/>
</testsuite> <!-- Test -->
