<?xml version="1.0" encoding="UTF-8"?>
<!-- Generated by org.testng.reporters.JUnitXMLReporter -->
<testsuite hostname="KEN" failures="0" tests="3" name="Test" time="0.105" errors="0" timestamp="28 Jul 2022 18:51:34 GMT">
  <testcase classname="Acadamy.E2EProject.HomePage" name="@BeforeTest DriverInitilize" time="0.0">
    <failure type="java.lang.Error" message="Unresolved compilation problems: 
	WebDriverManager cannot be resolved
	WebDriverManager cannot be resolved
	WebDriverManager cannot be resolved
	The method implicitlyWait(long, TimeUnit) in the type WebDriver.Timeouts is not applicable for the arguments (Duration)
">
      <![CDATA[java.lang.Error: Unresolved compilation problems: 
	WebDriverManager cannot be resolved
	WebDriverManager cannot be resolved
	WebDriverManager cannot be resolved
	The method implicitlyWait(long, TimeUnit) in the type WebDriver.Timeouts is not applicable for the arguments (Duration)

	at Resources.base.initializeDriver(base.java:31)
	at Acadamy.E2EProject.ValidateLinks.DriverInitilize(ValidateLinks.java:17)
	at org.apache.maven.surefire.testng.TestNGExecutor.run(TestNGExecutor.java:283)
	at org.apache.maven.surefire.testng.TestNGXmlTestSuite.execute(TestNGXmlTestSuite.java:75)
	at org.apache.maven.surefire.testng.TestNGProvider.invoke(TestNGProvider.java:120)
	at org.apache.maven.surefire.booter.ForkedBooter.invokeProviderInSameClassLoader(ForkedBooter.java:386)
	at org.apache.maven.surefire.booter.ForkedBooter.runSuitesInProcess(ForkedBooter.java:323)
	at org.apache.maven.surefire.booter.ForkedBooter.main(ForkedBooter.java:143)
... Removed 19 stack frames]]>
    </failure>
  </testcase> <!-- @BeforeTest DriverInitilize -->
  <testcase classname="Acadamy.E2EProject.HomePage" name="@AfterTest DriverClose" time="0.0">
    <skipped/>
  </testcase> <!-- @AfterTest DriverClose -->
  <testcase classname="Acadamy.E2EProject.HomePage" name="@AfterTest DriverClose" time="0.0">
    <skipped/>
  </testcase> <!-- @AfterTest DriverClose -->
  <testcase classname="Acadamy.E2EProject.HomePage" name="basePageNavigation" time="0.003">
    <skipped/>
  </testcase> <!-- basePageNavigation -->
  <testcase classname="Acadamy.E2EProject.HomePage" name="basePageNavigation" time="0.001">
    <skipped/>
  </testcase> <!-- basePageNavigation -->
  <testcase classname="Acadamy.E2EProject.ValidateLinks" name="HomepageLinks" time="0.001">
    <skipped/>
  </testcase> <!-- HomepageLinks -->
</testsuite> <!-- Test -->
