<?xml version="1.0" encoding="UTF-8"?>
<testng-results total="3" passed="0" failed="0" skipped="3">
  <reporter-output>
  </reporter-output>
  <suite started-at="2022-07-28T18:51:34Z" name="Suite" finished-at="2022-07-28T18:51:34Z" duration-ms="105">
    <groups>
    </groups>
    <test started-at="2022-07-28T18:51:34Z" name="Test" finished-at="2022-07-28T18:51:34Z" duration-ms="105">
      <class name="Acadamy.E2EProject.HomePage">
        <test-method is-config="true" signature="DriverInitilize()[pri:0, instance:Acadamy.E2EProject.HomePage@471a9022]" started-at="2022-07-29T00:21:34Z" name="DriverInitilize" finished-at="2022-07-29T00:21:34Z" duration-ms="29" status="PASS">
          <reporter-output>
          </reporter-output>
        </test-method> <!-- DriverInitilize -->
        <test-method is-config="true" signature="DriverInitilize()[pri:0, instance:Acadamy.E2EProject.ValidateLinks@791d1f8b]" started-at="2022-07-29T00:21:34Z" name="DriverInitilize" finished-at="2022-07-29T00:21:34Z" duration-ms="0" status="FAIL">
          <exception class="java.lang.Error">
            <message>
              <![CDATA[Unresolved compilation problems: 
	WebDriverManager cannot be resolved
	WebDriverManager cannot be resolved
	WebDriverManager cannot be resolved
	The method implicitlyWait(long, TimeUnit) in the type WebDriver.Timeouts is not applicable for the arguments (Duration)
]]>
            </message>
            <full-stacktrace>
              <![CDATA[java.lang.Error: Unresolved compilation problems: 
	WebDriverManager cannot be resolved
	WebDriverManager cannot be resolved
	WebDriverManager cannot be resolved
	The method implicitlyWait(long, TimeUnit) in the type WebDriver.Timeouts is not applicable for the arguments (Duration)

	at Resources.base.initializeDriver(base.java:31)
	at Acadamy.E2EProject.ValidateLinks.DriverInitilize(ValidateLinks.java:17)
	at java.base/jdk.internal.reflect.NativeMethodAccessorImpl.invoke0(Native Method)
	at java.base/jdk.internal.reflect.NativeMethodAccessorImpl.invoke(NativeMethodAccessorImpl.java:62)
	at java.base/jdk.internal.reflect.DelegatingMethodAccessorImpl.invoke(DelegatingMethodAccessorImpl.java:43)
	at java.base/java.lang.reflect.Method.invoke(Method.java:566)
	at org.testng.internal.MethodInvocationHelper.invokeMethod(MethodInvocationHelper.java:80)
	at org.testng.internal.Invoker.invokeConfigurationMethod(Invoker.java:564)
	at org.testng.internal.Invoker.invokeConfigurations(Invoker.java:213)
	at org.testng.internal.Invoker.invokeConfigurations(Invoker.java:138)
	at org.testng.TestRunner.beforeRun(TestRunner.java:641)
	at org.testng.TestRunner.run(TestRunner.java:609)
	at org.testng.SuiteRunner.runTest(SuiteRunner.java:334)
	at org.testng.SuiteRunner.runSequentially(SuiteRunner.java:329)
	at org.testng.SuiteRunner.privateRun(SuiteRunner.java:291)
	at org.testng.SuiteRunner.run(SuiteRunner.java:240)
	at org.testng.SuiteRunnerWorker.runSuite(SuiteRunnerWorker.java:52)
	at org.testng.SuiteRunnerWorker.run(SuiteRunnerWorker.java:86)
	at org.testng.TestNG.runSuitesSequentially(TestNG.java:1198)
	at org.testng.TestNG.runSuitesLocally(TestNG.java:1123)
	at org.testng.TestNG.run(TestNG.java:1031)
	at org.apache.maven.surefire.testng.TestNGExecutor.run(TestNGExecutor.java:283)
	at org.apache.maven.surefire.testng.TestNGXmlTestSuite.execute(TestNGXmlTestSuite.java:75)
	at org.apache.maven.surefire.testng.TestNGProvider.invoke(TestNGProvider.java:120)
	at org.apache.maven.surefire.booter.ForkedBooter.invokeProviderInSameClassLoader(ForkedBooter.java:386)
	at org.apache.maven.surefire.booter.ForkedBooter.runSuitesInProcess(ForkedBooter.java:323)
	at org.apache.maven.surefire.booter.ForkedBooter.main(ForkedBooter.java:143)
]]>
            </full-stacktrace>
          </exception> <!-- java.lang.Error -->
          <reporter-output>
          </reporter-output>
        </test-method> <!-- DriverInitilize -->
        <test-method signature="basePageNavigation(java.lang.String, java.lang.String)[pri:0, instance:Acadamy.E2EProject.HomePage@471a9022]" started-at="2022-07-29T00:21:34Z" name="basePageNavigation" data-provider="getData" finished-at="2022-07-29T00:21:34Z" duration-ms="3" status="SKIP">
          <params>
            <param index="0">
              <value>
                <![CDATA[nonrestricteduser@qw.com]]>
              </value>
            </param>
            <param index="1">
              <value>
                <![CDATA[123456]]>
              </value>
            </param>
          </params>
          <reporter-output>
          </reporter-output>
        </test-method> <!-- basePageNavigation -->
        <test-method signature="basePageNavigation(java.lang.String, java.lang.String)[pri:0, instance:Acadamy.E2EProject.HomePage@471a9022]" started-at="2022-07-29T00:21:34Z" name="basePageNavigation" data-provider="getData" finished-at="2022-07-29T00:21:34Z" duration-ms="1" status="SKIP">
          <params>
            <param index="0">
              <value>
                <![CDATA[restricteduser@qw.com]]>
              </value>
            </param>
            <param index="1">
              <value>
                <![CDATA[456788]]>
              </value>
            </param>
          </params>
          <reporter-output>
          </reporter-output>
        </test-method> <!-- basePageNavigation -->
        <test-method is-config="true" signature="DriverClose()[pri:0, instance:Acadamy.E2EProject.HomePage@471a9022]" started-at="2022-07-29T00:21:34Z" name="DriverClose" finished-at="2022-07-29T00:21:34Z" duration-ms="0" status="SKIP">
          <reporter-output>
          </reporter-output>
        </test-method> <!-- DriverClose -->
        <test-method is-config="true" signature="DriverClose()[pri:0, instance:Acadamy.E2EProject.ValidateLinks@791d1f8b]" started-at="2022-07-29T00:21:34Z" name="DriverClose" finished-at="2022-07-29T00:21:34Z" duration-ms="0" status="SKIP">
          <reporter-output>
          </reporter-output>
        </test-method> <!-- DriverClose -->
      </class> <!-- Acadamy.E2EProject.HomePage -->
      <class name="Acadamy.E2EProject.ValidateLinks">
        <test-method signature="HomepageLinks()[pri:0, instance:Acadamy.E2EProject.ValidateLinks@791d1f8b]" started-at="2022-07-29T00:21:34Z" name="HomepageLinks" finished-at="2022-07-29T00:21:34Z" duration-ms="1" status="SKIP">
          <reporter-output>
          </reporter-output>
        </test-method> <!-- HomepageLinks -->
      </class> <!-- Acadamy.E2EProject.ValidateLinks -->
    </test> <!-- Test -->
  </suite> <!-- Suite -->
</testng-results>
