<?xml version="1.0" encoding="UTF-8"?>
<testsuite xmlns:xsi="http://www.w3.org/2001/XMLSchema-instance" xsi:noNamespaceSchemaLocation="https://maven.apache.org/surefire/maven-surefire-plugin/xsd/surefire-test-report.xsd" name="TestSuite" time="4.85" tests="6" errors="0" skipped="5" failures="1">
  <properties>
[...]
</properties>
  <testcase name="DriverInitilize" classname="Acadamy.E2EProject.HomePage" time="3.85">
    <failure message="Unresolved compilation problems: &#10;	WebDriverManager cannot be resolved&#10;	WebDriverManager cannot be resolved&#10;	WebDriverManager cannot be resolved&#10;	The method implicitlyWait(long, TimeUnit) in the type WebDriver.Timeouts is not applicable for the arguments (Duration)&#10;" type="java.lang.Error">java.lang.Error: 
Unresolved compilation problems: 
	WebDriverManager cannot be resolved
	WebDriverManager cannot be resolved
	WebDriverManager cannot be resolved
	The method implicitlyWait(long, TimeUnit) in the type WebDriver.Timeouts is not applicable for the arguments (Duration)

</failure>
  </testcase>
  <testcase name="basePageNavigation" classname="Acadamy.E2EProject.HomePage" time="0">
    <skipped/>
  </testcase>
  <testcase name="basePageNavigation" classname="Acadamy.E2EProject.HomePage" time="0">
    <skipped/>
  </testcase>
  <testcase name="HomepageLinks" classname="Acadamy.E2EProject.ValidateLinks" time="0">
    <skipped/>
  </testcase>
  <testcase name="DriverClose" classname="Acadamy.E2EProject.HomePage" time="0">
    <skipped/>
  </testcase>
  <testcase name="DriverClose" classname="Acadamy.E2EProject.HomePage" time="0">
    <skipped/>
  </testcase>
</testsuite>